<?xml version="1.0" encoding="UTF-8"?>
<testsuite name="com.imaginato.homeworkmvvm.ui.test.LoginViewModelTest" tests="4" skipped="0" failures="0" errors="0" timestamp="2022-12-16T11:42:04" hostname="MBLMMACM081-3.local" time="0.04">
  <properties/>
  <testcase name="whenUserNameEmpty" classname="com.imaginato.homeworkmvvm.ui.test.LoginViewModelTest" time="0.039"/>
  <testcase name="whenBothEmpty" classname="com.imaginato.homeworkmvvm.ui.test.LoginViewModelTest" time="0.001"/>
  <testcase name="whenInputIsValid" classname="com.imaginato.homeworkmvvm.ui.test.LoginViewModelTest" time="0.0"/>
  <testcase name="whenPasswordEmpty" classname="com.imaginato.homeworkmvvm.ui.test.LoginViewModelTest" time="0.0"/>
  <system-out><![CDATA[]]></system-out>
  <system-err><![CDATA[]]></system-err>
</testsuite>
